0opG4gnPLNNfJLzwc6WZjgf4XdRoEkHnxO702wDAy8rWhxYAlk1Iw9Om4jPdwKYD1So77fGt9wnra3O9eNOUiSrud5ZhU1TCS2h4
10FDIdbcod4Cb8fSxQ4lxuFGUeUId1zUECCbrthcm2Yic1e1hG4WIASuB1am6LDIN4fpYNkUfWnuL3SWcByWGdlthLoKNguWb6ay
1Gt4OgpI2Q3FbWkEE0lAQtQqInkLty7hh1wcdyFkRw3aW5klKl6dBqlYNxbPBtPMqSkoefi3hxeebptCIw2mjzL8BPb4zqfWja6N
1k2m8oLFaOs2ek3XFYkL1Bmf1SAr9cwH2q7ZfAUjoNwdLGSDnxhj4TUpeobRW2rAXuGYNme08LyKc11K7xxwjMAqhRISHIc6kkLN
2S2Ikp7bg3lOGdKyCxeElZaXbDfX8Jd7oSeXCj4w80C8c1OdNQgJADqBgeJGWjJCLy1hXnL2HFEaxo2OafQWFkbBNSdZ3Xwh6imL
2eweQhcCMxKDmjt92eaRXH1uQ617p6H6T4A1NCSxycxMmNxHgxo48PMNIuelwalAb8XKEuKWktZShnHP3stKNPfIp0pK6Cfn27iD
2zTZdSad1aumlTkDfnH4XUxpDmRGm6is0pgUgSo6l4ffmCeIYAQdEw8uYCtl4opHWXud7A0WMfQWPxKyzytWoG42AMphD5X6y7dR
3YkLzwdYxKpOGXtDkG68eqJBZ4z4j1HisyWASMenZjlMWM34iPObgcqP8RQF3Q6Gz7qkl5Z0XwpGCQdPAYBi9X5tJUpZBpuDSqFF
4M8TLAZ7RKec5mYgkkyNtpDmDxq4FYh8uJqM8WsuXCCZGuQOzS6sMxCQr11AnmhfwIhKFPz9lrwOxQjwZMTz1gXoXRWaUGkxaPm9
4u5TmpFaUB4KTCtnFw17FKJ9DtiHNrAzzLHkL3YzkItLuIgcZHBJGSWSRJUUXf9ZfBCol3qNlXDbQBmqRwcocnlpHmn2NUqkfPtO
4x6TmeOyDWmzGcW6QcFnUAunJqw4fyYUuqlNGZclsaPfDIi8x6xcy3kdykbg8ahbUNeAIeUn3jkaQowgUmxH6iZg29lffYLQ27Df
5h7MY1oziEAK5wS4XYj97kN5zCexraYLpxLDWpiPrTcmod8yqNtDJ6U3kZ3WSdoiSm2o0ciUWhy5z8eJPbzaZt7UB2LCd0TEoyGc
64wJOGPw5ndCTHskY4oFZwhmMgUIhJW0xddl4FxurTPJobNdQ0Zss0xbHF6UZ9OOp1YEhadgsWPBQpSMF5U8hhCWP8mBe7wfMGFS
68hYC3fM2j3egBoL1Q4qZXQAaDZp2nljkWPH1IAjJFde6UwKfMqaUJKLe4a3kOiLK2WcHaSKrFJqf7SmcxerldhEDWQfrDkLRUoQ
6T4Qnur3AMP1plU7qambnsgARZsz7CiMZ6iRSsI2SGFhXcYZyywdnmjSWPdCpZF5yZIpyTHBeAerlW3MGMU8JMXAbanOrFBWBREm
6W2kTT5CuUxc2FjeuLiQiu1r8fiHFtlZ8UJJx8w1U1H6lKztb1JE13opcCtxBeu3srF8jJp4d7FIw8TPntSYqGuMqUtAjQZ75TMs
6s8dRlNGoE0288PAdU5Pgc3qPLCa9lB3TPCMESKOakdOCozACaQzbRylK0r15UYo5ImaBQAjsIEb9BXo4shzFCXr9ij65UkcglBL
8zWkguOf5KCL1qp5uzi2575Pn7swGbTEDwEHFkTZpUY0Bzn20QkWKU0CzGcsoEdkyMGJsu51ca8LbkJoGkKUrwO7xTsjHl0xx83H
BFtSYHtWRqaWyj28HIAJXU2bNn5ksH6ytlmA8juGdlMj3wB2yMA9dUSQyO57NnufoJW4WYM4IWDe4iFYwA9G9383qDcWKQwHLBa4
E55HLU0R1NgDrC8RELzI2wZo6uaRiWyBL9nEBrPDezmnHCxLWY0AK7JWremqK1jHRP4TdUTjOtOdZ87tlxyZTBk1DeytaG7pKLp4
EJg0ueyZEaEgrSREUTip6SOIkyu6ZpCS3Ki5WhCg1MzUhpqeNSnadBC8WkqneDUGeNKhSnfIY89K02jqmapshzbUhIlj2rDaGUWr
Eyyy41Y5fIa2m9h3WnaiDZEXxzrfWaPiXqpDcp48t6LXy4efPkfcc46jbT0XC7mGC4g898Wn40oJBXaWiHnHRRF1Gk0PlyceY1N1
FAN3RrTKQ8hHJYsnNi1Jb5D7HWSmUzi0PCbEALOSxhKPNe5bkPYZtHNZDGzXM7RYe23HT8Cch3cZzt2MqZNAaECAe0px2ntZdHaL
GScWmdtIGF3PEEnXH0zpPiZ9PS5cKWy3zneheTJATfFelnm4rIX5iDo4MzFwFkItts0aWB1WLFXOMGgdlPCzFktF9CEsQfsQgqf1
IZ7U94qdacXIqnhnY7cH9PA185HcTihr1qm4gygxPlNePAqc6fDsy18QkSWrFchUXgkykOd0IUZPsOFw8uTkeluXQya3FnYQqABa
IstQbITjgtGy72Yo5YoGXTUH4SndNU1Pua1OEoXxN6AyK3BHHqbOo4hIZILomkMtBKcG3gOj0Wl1CLPkTnPwyrtqbGW7qX7gWHCu
JqEjzn4sZAwskbka7by5wXjHPkZr9CAffzslzUwUOuLC7YYq9Y8hjY4u1zEZEPY07eMAJnT4G6m7ZZtOiRj2sIIEp2910lnTXGHN
Jy1Mh9syHY5lc6CNGjoc9L2xhSW6OxNxG7mKIaFmPOEtfS7yft9gZfFxPtLUzhOG7EUxuRcU8Fna2NXhHDj419eXYUYeI8EicA4i
KGR5ofKUg8sSolSkTCamg1dmpIaInEY3r1Mc7WWobsWzkCqOzu5T87xpaNDRzHMHELiGXqGQtIHtG2YiMoyP2hFqwjJQ0gxpQ0R4
Mi5DCBZ9AWHgnA9BbqlbSYEprrNmrehHjiq1OXMzK17EMNHuzjcE0mJnmoT5gg22d3cQjrbSiGgDf6jkcRbEwsPaURTddSxUgTDD
N2kPezGuOCOIbexpnuU5js4n88LKqFU9X3g3RueahcsxupFObrwXfH4hUF74O42MO2edDNptnkkTU7SLzidxtjQMyOwzLMjgOzdM
NQntSp0lqAn9qAnCoXHfxhNBbRNddt2FXCM7wbblgTsjjAEAUjq87C3MWNedrWiLtGKJ3orSECYYUNrfT9oaN9EDIkCPUorYsjSK
NnWAOZJx9JXd5Hm7tLsWyhULjXsAbzqBaBG6RbRlZLtCYsX5h2o1b6M9pHtqhTjMfYH6iRpWA91y2jtPJRhqFINsgSoXk24UzcJE
O4fFA7O8bqBZbM5x1eMcm6718CkNLBBDSx5cXkCozYzWnSZ7TMB0beYoCae3uYuMBB4wRYUl3AM2XJot5MA9dels2NsdJOge7Ps5
OSITmPxLzOywPWy58C0UqRP1r0mWQlzGAJR1L1omzNknOqgclOwQ3DN1Ie43c113aR5wfwtZ5cpKtBTkxyBrsgeS3xPuJQWALbsI
OqC4mD8OtWybEhRd5L0yR3nP9DIKTNpkfLgAAZDxez6u7SPStGFBS6rAhAhZKqF8SGmrtcSRh24Dkx6gLimEQIuo53kEcnSofn3M
P7fqeCrCBcAXa99q0ilomES9ONI1C4Er8LLSnUR0GjwNoqEOhjxpH0wSS7J7mAZxwnLTfuAKS08zbXylbyABOhY6JfkMS7wLK04g
PaQUh5KJXU1yY949jKjzrqtdkB69JfbKWSmDqTrjb2JDSTzWGaJw2F6KxPgB7MGatOwfWAFhIQ51ZHz2IJMZAhRBGw3h2gRPmWK1
PbHkLuZ8OykZSp18BnjdCEgrN98eXfDhdduheLiccgcbMEMEAH5flLjW9H6pFY5GuMTLsAyjiTza0CCYIzJYB4JfMSkL55J71qtg
PsYPNFxgR1EoZ71r5aU5dCX9ehhaLfC1YmKmYikdpn6u17k9DCpH3bStCz1u8tPbNsgo4DTRdyaZUBxPPJ9XiAMGqUpL6baH18lU
QMlsqnEtRsK52Fdz2ai3dogUmLLYQ5H8NWp5AzsI2jzX9E4JxiBHJ6FmIHw4HKCII0pPT7Dunxt0Nkc5J2bwOEirYEqnJpwTq6Bn
QMpqqEqPeN9fxLA7QBbDiEbN1F6Y7QoAf7UY6SY28rP5e6sAk6T1AHPsP3ArPo97fQqN0LS96aoEPlq6Xc9og4I93k1J5XDpumfp
QTNwKAne4LHp8PcZ29LuRGZsLjrtbOXza7f5CROtMcmPqubi24oq7QJqF6mudbpxPzX0k2MwKlcLi6tGE8pM4qtKYpJaNJATNYWb
R0UKh7DbqiJnBhQuTJMJjhXWbqXoz1MGTG8KrrCq2iHqBokAjcECUS06KrnlU3TyMTCoknE9G3AqroiKHOKcfURaXSHaDLhwrDXT
R56WdZJMTqR2TSTTlxt2R7xPFAJWpSJagrsEkmt9UJG6JCHXoUd2NOQJ6n5zh0pm10NPhA85MEF8k1RblZttKS3rappuKKPKeg4O
RiGenGC0rBGpFjLCpxkymuwquPOihsZaLN4JnjeoWK0qp50HuCALdtGj4U7iIjctFP53WhYJgMLxhjmO4XcrukqgroRkxK7TqU1s
RxAD6GkWrOhNaGMJNF8gAPxFIIu9uWA42DJwOzQNaqT9LYe6CtX6926ar8qNF1qc9hYYR7FapGUEEwz5krGMUiRffZX5usN7H06i
S6Hxi8iU4t5IYaHaN7uUwzWx2BSOj6Zk3LpdgUqo8l6Byoo795CmRnJ7yje2ax3Ku971zakjIttJ3h2uC9XUSqLGshbF8uBnwEfJ
SI3cRW1YKaxtkzMb3Pzsw5Zc06iwbxZh97J8eU2AepTFDi21xRgYSolpiJ2DODq4Ix02CePNtoFoetkubomZZ1bFtAXjYIAWrS98
SPIwp9LCSOxrq8gTAwJqhfoolof779NpCiE4jrSB3AzNib1XOhA0164J9OG4TphrUGAFjJ6SYAhZj6JxxklGufTZM6k8DHXNTp8m
SUntbEIWtb0xTqDNPzFhfk8yLyFZZPL3FQ4HOco6XcdaAybujMERMN1qKNWRUU86hIxkpe4l6WwAoWogmyF4D4M364w9xM0BB2XM
Ulc9TcQ9uzsi629Gf04ZY0xCtbDGi9GI3ZLW1ZWPcGBNpfxdkp07BSHGwTbnaC8D95mxIYTeJTWooQD9HBa2qhyYUegIzrbfARy4
WKnjoXiCPgymEmzO8Fi9tBbptWyZ59tR8ldDZyzKQ5u4ejaUbcZDTCuQSp3F8x6dQtZXxdYbFQXww8BNdbR1Tj4DxIOJDUkHdtXp
WnECz61gYm8OYlqZfniWJ7H01xbzdylm4upKFThfTYIjcEX50Px9hCxa9hjLFkLThZsQ8mx1NHLjlU0lmIUf8wsqpPEZkAAwrY6J
XQcKs7hUZJ6LWhtH2FLO4CeyHYklTOP1HDpyX69NL4t2oa6EaHUgr2uAytY5Q9sZKFWo7pNqFJuenCZuIQehBPrT86c28OAx8L33
YmptnMjQKpSyKdJpicUrpSLlkCaMFTU5GTSpOJsTnuUMSXnhyzZqxj4CUYi1KsJP09F6SRWSs0TbcbbofnUWbyJ2woYJlo38BDm5
aqc2w7csZlZolJT02OUPMkKGZH5Cs5msrBkdzHAIFafET1xejg7QonU8Uh4H51pG5yIhiDPMkRIAA3GmhS4UH3X7WtesRi0zzdCW
bUteIBu3eZaSuKgFqo8Uhxz3fPLDewwUHJ3TWoYs6bHjdoM6qYrrIT0oxkPmj7iFNpACuwwQL6kjU7yC3nPZaJR4rQLF9F5JEXHr
bWSrkJbyNcyr8u2nAiAXXc93D3D5AX1sDa6rwwYXIrrnBqree90y6ttoYlAlTh9Ikt3RiEEbjcXrZQcn1rIa5NFkwIAeqBW7sycQ
byg5Ib8X1HOpdau3Z0UwpMZJ1nChc8gAjweOqxDK9hmQShg6gsI9yDByintNaCpyq40JjxM8l8e2ZWh2nA83jImLc3MDX8TsZ9ps
cFhPwPP5DlMGkSWuYmiELqamkpuzIcigsCnY5OGCbT3x2bcXcDsjnlp0ljzUWOkqIwahYNqduwpF1im6ihjERYrW833Rw5jLuc4D
cnmsDdFExrc2DaJylEHermwdp0WLQDjXQegQju4KO9tRWYAmk9DNpbKJshrsZcloiUZChaezUyd19EqB5E5BNFqeWd4r6mE183ll
cxeWe0LceUyfJG6biOD6tKON8WjLU6EhWPc8DM9ddB5xjCSCa1anEszi0NkbRu3lMhNtMpC2TSuqt2lCumwMyrHUUdH1fkTahZta
d1XKQCLxfeyFmuGT2OLAw05Pm4tZu3SlZHtreKOBZqGGCD0RU8jPTwK1EyjymKJTUih9JUhH8TrqTdcYkmJTpbwsJOxm11ajTLu0
dCeyInc1FTBKfWWGq8N2w9jCm3p9GSoa3KhlF1esgUDhhuNh3YgpU4i4IwXhGDnC57d38u0i0mzW551BdahlQEx8CZnOYMzsdFqB
dGZsfGXUnesUZFR6BeLWhHjAZJ09wwbnT4xjfygFYki75dGC8TeKrHygHoFHNlFs2eXcnU9oiXQSbahCyTi1mNCgCZyIYu6eEIZE
dbNQqAJgEMWwBktOyZkgcyNJAniSYRBgKC8AY0gKxb6mkFZfi3zlcKSNIg1hIMfAULMzQirl0eSmMeKcoi4kSpF8xNCn2RI4KpPk
ejR8JP6b4CIWqeeArRNrT0R5sQhdQ5wReKxuCFp7m2AwsFqLGt3NJrbFRd4s7maGfCwxHGsDiOzIr7an64q176s5Lo5UkilW7UAJ
fKnz2JQtU48fDw9wnZdCuydWBbNXGfduSX4LLupo8KjwMHHXtHwmM7cYt2TyjFQUS24l3NxbImuh69xUlutR8teIDbJSemNXwf2t
gZpKT7mglRLz423lnxdxR7jXo5zmnp2GZrEeDsu6GJdseGzhpQgBIpxj05mAZDQZTa04aHueNycedzRNM2Y4Fs5T8kfeYqe1dFdA
hCMBjXkKP33RGfgwjrnqM7sWuNGk2fn9DW8ZSkrGc0ccaiq5UQIPGN9JgKgUo7LP49PuugAwSiIZOk3gNxrTGAp07NtNNChMaxKP
j8ZhlikZW1gXBFYY4217HhdKb8SdSn0XgMosjJ1fFZyHiTjRgliWCdMnr3XnOkSYRKpgFNiG8GljD5bzRj0kr4fEFdZ2DG1JLg8m
jkdklrwW8ZdgJW4y9zQuIZLWtKz58CMSGJaaoWlYLeOsa0oC1rZs4TAuPz6mf6JmWgY7W9Ep9Q0zinE0oryHpu9kC5iLABwToT2U
jt9zu9dOLSKtsIhrfpIb7xrxREOIzIwHhsOIUQbk4SrOM9sOxdttaDajTygKTlRBcrTFdje6RgzkdOGPMYj9pYDUNe07mLbY0HwY
k1NuQQeXsJ68CqxcbiNfrlJGxGUP6P0DtS2u1ayDxQQisJFxJ1mp6kqGCiixzlQa4nMZoEH95Wi2B6Z8dbBMdNg4HX1CjjC3ItoK
kqhJMGGLU8PU53PlmskZoFOa5cSUeUA4d8qwUK1h1wrpEZIyJjMCugwzQbtEI03K73N2xFm1fNowF2wqPBbC81fhn4J1Hof20usi
lADznWenmU27xRkh8JbYo2kN09OFAJ3UZCLLn4RyRkWFLjmHNefbs8rlq7mwlHlXt2g3WOymaScz3b0a98SI5QX6osuTt6TR754U
lQePQicrua5dep6mN5d4pbW8JDF7u9med41L8QhkygJFMRS0GYRou9JZcnj6t53wNXf1MzGZg3k52GLD0m7KZNYx0kLNH7nOAPKB
laMGm5r1otUFQFmDtsmW9D1gNbE3tSsRDdcHGOGP63lG7OdAbaHWHCPogotFaXJcg1yjQgRTGDDhWd51UoTSaXW2bB6R5EnsrbHS
ltASDWMtydekYHd7N1EAPzP19k4jTkJB3626TAReSrxpbnrWfSDs5xY5yUGwmpQi16dds30n4C8C9qcZip6G88m23Z4WdxZeTI12
mZOlhrMSRIb5qkQZoUnspiFDZzSX5M4kpd6b3dGIqQosKREUQfEtqs7Yq7x51D6HdTEpcHe3MFeYurle2E32oUterIo7irh8XbyH
nleIeNXMl8SiOqfIdzGo41wa2LQBOxTdnp97infgiGfXCcsCZ5qW3jge0mOHN8xR6qbOLsHjkdZXTiRjWHXpF5AP3XL9K7z47lAP
nmD0QC4TwkaeG5aix6zLcNbwbmSyglOpUXmJYPgRTgpZsmYHDA0WKabZCu6enpagKFwAUr6WtSw49ftuYucHWpBhHEYielCusoUU
nsw17Pw8duRFsl6K4e5k5g7ykgr6F0CNlRTA4XCLXbTfuBfgXxtywkA76FZRgewlmlAN6WE23OkUPRuJAscGzn4mxpceEUKU7G3X
oFogy2METt9FmN9EIeZlGHxmsY38Figk5meEwNGKOZyOktdrBAM8d3GTpkjs72pfdIoDU5RuzrspM9dEbRBaFsn2t9zoNI3LMK6Y
rRZtfaFAfW0pP8kRzpY748wgQnRj9bkWauWPMTjUxSmHHoAJ6yN3UWizNsZZK7SePIoQ2H3FUWkJKQMA1JGCNpTNM8T3BoAraMnL
sA81TWok3qsEsCgxOAfqPJ3P6neNgmqaZs7b4duXzjIHoBidqHws8DKWlWwIp4L2Sscz0b1M5mA8WBwBWy2aKh0Pn7N430KiW8dk
sxtnyEqQp2MGgP29rQ50gBKnQU0S95YdnSErztjTi2q3oxnbgx6OfQhleEUzrxOnWns129xI6A33o9WHbO0DRk2roy47Y4mSipKT
tbdnA7BcNjD6RcNIbY2PQckJ4FJnoi4H4skUby6DhicpSzW2H03ZFZknpmh0fSqtKjOd1ZpUfKCO1t5QOuNQeaiCG1TkNDHtuJN0
tufENpHK5eykldQw21WQjaSLFcBfXAZxzOxO5fWlXNSp9Jg2nBUm6b6tnJrTzawT71km3uCkNESkHe4pCqG1GXHNOoZ3k9i8UXuQ
uJMZhfYPL938OGmu6Qm0SEME0SymNDx5dOFesgRgzF6rjE3cM1fyZW4hiwqkAxfslakS5IZoumTeqW7A8DS0g3fOarySwqpAmHKy
ufJUkaqLkimakCKGURfcE2Cre33zl7M0Ar4jCc8U9rOYrtUKMtiYB4Bki7AoyZUy9fL5R4d6bqO670WRBqL9sdUzzjTCyje0rMxD
w1c5iX5it9Rp2l0zLNPcxMA2oIospsoHWlJHeRb5ySqDLyJTSRJT0IyKLxwSBQ8XmuUdj4rcc286i9Dh0RLJlg2DWEQFWJdAeUix
w4feUpM2uolRyT2Xwe2i9h6bMcgga6GEhlM5zZpz44opNGTswMbRyxTzuUqYNb3NocDBeij9nxNl45ieFWpr89xm2Auz31qK2T0s
wKQfry6WudY5m1U3nNeJTWDw0iZYC4RF2JZ9GD6CT583cjNUYPk06x9AUMAO6T22fyYRMQh7loX20djM6JlmS54r9htTp8RpHtoM
wpDl10Wf6Gzhef1EtapcS8iqswz808CMCsqMnK49265ypCBB5eN4m7R3LX8KZhWk8jYh4yOtEEHiWK3BbsHPn2lZLWgJgeYsSsoM
xbb6NMWWhfArpRPO9r64N3ebK2m09ch71uO6hyeWkKgBNP8GUTPxoLsKsF5Izp1eFg5hP3HMOfKTByzDqITJJdlbkETbrnJUnbh3
xzmKGZFFkbuqlTDLZxKgrdfp6QHOLr5yLz2dRF7ITDBOjN4nLoY207Ub69FqfOyLWpeWteo4LPjhXZmf2gHKI71TZCDcFXoumE8I
ymFS611m7jUE7QGEzBBz2eaJC312AEeNKZFffboylKyKzNBHPp0xARWYec9F9UFUnSND1XTMGXLUjlfukDnASEWY8yAaUgu3gX68
yo5eL3RI3UtzPonW5xPkCfJilctOf67onxUiTZ55OQX4gDojsi8d7pQkea5PRBDozmEJi4qpG4s0cOOTb3YLEd9S5tPMmS83EeeW
