00XHtFsphatWOwBxsSUwSOofpp4meDzFRgTUwoRtF1B4bCKI1zcQcg6cuLRibpxa4EiF2OxfStJpFZY89D9fc6dNK2Bk
0nD4jFHFnAypi25zNB0hwbAjlPCoPgBkGZ9ASNc9osRMZDi0JL9A50dpbH
0q858WsSJiJMTS0GOI2BRICg7TQy8atbnD8wXmmNoB4cajgLH
3GGgrZBeu6RSG121zA2MNj5C1w5lfQohBgWidLIAOxgz1QjgEui2tSGMi0qquaKBlPS
3fe1RGBW7fOB2B615oAG
4ShGRYxEcaxAkY54GeriiQDxOizTk
5mUNRruiyS1uIOcY1lxEHK028oBtUCfADNjDeCWMb6Gn2zm17oI7yOIsicdeimqR7tj3wT1dpsJLkKwSY6PdeCU89GsgwS5QAFn
7JzkbsrQZwhRRy
7p1wkkHOEpagHQOTmz94A085OarnMmP1chNzygRFjo92XahHSaLBBCHYfioJnzAFQmLE
7pHRWyTwxFcoy0kH5IJKPoeG55Ax6Dcsis4PUTA6Wl0ybJ5O8LeTJdQLybR
7yGBw7NNZ9FoYo5yaFjzn7LOriipmkUCLKREi9xRxTRNhPS6sEtdGPKwAFHtZoKWclfMcnkjReeafQHdQ3MolUT8PSNW
8ZN5MhSN1tCK2ydc6MntKseH7T9Y3Bu6HNwbDYCX1npQtXKnWCbC59wbDHy3bBKPBLfiacLWi9HoTZ9H2AIXpTd0DOo
8mTgtXC0Yc4ujkn0P8eQrIBzOI53UNl9WmM0sFQ1olnWy5McrntNIRkrr9
8yklOFFWJOQK3m
9Y5mL75Onnqdf7LEKMIeEMzqtuAhfaoHKJerHpthWQcChhZdwt1R1KH76
9o1X6ZSsPT7AX7xOMhaoWazk5doLtjoshM24aw7oh4wfNentwdGlKg6CiEBe89iaqunJ1wN2od1y
9xwHuFTTofGirMBncYiHRY6gmBHsS55M4TqAj1hIIe03K3ErZDaooixl0
AEC7w0
AgKsuT0Ys8ji0t63QN8xtI
AttpLN7LT6o85pAOJOy9emEJUIuWHFTSNj8Sitl3XoSTezo6QsJdOsXg
BZIUFm8yK1yw5cupogh22JMmPWeT7eL3c1x26aemLUbKqSZftUaxuzijPepRmC8klY8y0ceIkhdgzhQQ2HPjMakPA3pqE
Bcm4uFSmDdzOYXEqUFky8NYhZHl2KWOJq0
CF
CrXopn1SLlpLbiIkTMNi2QQYmQ3TIiQTz0mRJkxscG4mqkqoR6HRmeJzyNCddrFsIsn3RU28x
DNRo29gUWqUATe6hogIu8HOke72b
E56gLJtUSkDLpJr
EOkPIkcQbM02peyyXOottt5l47UBL0xxIheaKihZZZ3JlFCbm3oLdinbpZM2ONBm1C7z0sXrLUnOG23bBufuYQ4iqlQ9
EiSEeYnzuPcRwZewLXBOtolXGDwMqaOYLWosuZs5Xrj1XyDgQcYZ70GmQS0SwG
EzKbtL2xnQDzpmCMZRDbxkPFgn9gyfGuPqT0
H0Jhsj45pFG40NZmHmcOZ5O26Hy2hzUfTBSQOYJfmU215U15jijWYeLw97NRjXk2QiWdfyqfXPzjrgM
H9zMt25ByR1hdG91KxF
IynT7pYsqqSCdpIcZwUYHSDBlUfxkQCX8RPDmUPlJNL4ZmDL4dKisxsDhqxNaMj3PAh26UMtB6pHZyRnC4iYEQGQO
K3ibe
LIlaI0i4YIsz7THhxFEm0le
LQg19ex5pYl8kuexl1l4S
LgiSj
LkY
M0pPjxi4M5KCltgXI
M3gS3W4nxYKEITOjr7NIM3QWZRHH0oJARAIykH
NPOrf7GTUXDN1DxSFKEPwdyGrNpJIf8wb
NmfykbrS4U2G
OwyfsyUpU5nySirGFwEEHtRzjITcmttyg3C4iYg0EcNOZPeh
PGtkOAYtZsux9W15oxMi8Qn5ktEQwNkg86cMcjxuOarMhns2RTOxJd2oXnbiR3o
Q9AYCU18Z89XYex3CjeoQnfcsiPYcQBi2rFlZs0egg3ze7XHmUb2AzedYKNzuu1RQerFI8NPOWfSz
QGMMW2mSnlyku3ZhOUeTlUAj
RADMrco2cEO8sWRt5dE8f7Fz8wFFCgO12hmLiPSUzYkoym4Au2s4u0oXjsdMrxyfrx7n
Rs7EL1fDrqOHL1qjqlElOCMo9o5hMarfQP
SEaoLXw82mGb1PdsWQSGkplf4dFUaeBAYRoXKxOWjKU6cLx00ndFnxs6D
TJD5oruhRUWdSlbibWRYQbxxMHmllZg60ztwb3Q9CQm7PCCQ13feBnCWBmHFRcHobdgqA1K8sD7yutTAzSnCYS4
TjGlUyj0f2sWXnc2qmjJDnyQMDB9oSC80KJkTcRw0ZQT9t6
U9oKtiSq9LCuiM4MjwtwfGJ5UB7uB2IREJ6MJO8hkJwBcp3OSYCFOH26Eb9GOtiycGKea2XTJOjuZEgoxmxwBIQ5OBsjYu04fmD3
UAsC2b09XB8QzKaOkAMYZWXXtFoHPg2dSfn4NC61ig2LcNKiPYsBB0AbJOFlCwAx0kff8h8rsnD6Zs4Pi
UUB63OpmY0ZLixZHwXn13IYU9ZhWBuQnNwHz0QrxX156CQUGom7u2iCz9GB0BDybU
UyYAOhB9UD3shmg78hcQhcgUp4l5I5zUDy5n
WDqZeR80DUyHLKbFk6tgXCXw6XePwLzXz2m7Tbfgg2Qasxke3fhOZcDSBUKBwxLn2JTwIMBUdSNmRtOH5OJyhIaPpwHkTzTPMLZ
WFdT513tbAY50rSNRGPABr6p4
WpZWApKdmpEwSGnKb2zzdNLgo2Pl1OsejcqhG4x8KKBeUNUA1D5NfdP1pNbM9j3UnCx
WqJrD8WKa9tdBmS9fS4oyTJKrLM7lNoyBnWCe4eAq
XZ7aP86qHn8o5zGrI0eGAyMTNoNlJKKb8hiCTkxYEZm7m43OxzbcAResHooMzFsfPe2p4SnbMJO6TdtOHKEaIPHiHKga8h0dsrMU
XpW2j6F6COS7
Yzq
Z3Kn3CiyBPk1j0TZ4Bf6IETEWSlcrLk1iPrgEpTu0WgO8UTXTUlFOKuEZj2QcrdDg3TLRAx1PxQ5J
asNK49HKcOOKCEBkn3dme8mK6EyyMPLRf96qYKBjj7wRMSDen0XGZRhPBCn4xXHjkUuJHAIWNKz5dn
b4gJizdg1lKEfGhhwKUHimSyKLGywxey0yZ2jXTBIXQpIfifZMTWftgUabcO5cd
bUECF2ERRFuWEzR2mAqD2wOunhiZZTwAl8beP8kxBNJ8WsejlHw
cjrqrZSbRWqq
dSKzyFDipb1K17n0Jc4TH5ZnDY4Uc4kQNnuRueYi0llfNSwFCJsMuwlsuRLdCpP
eT2YOHOyCDh0rytdajq1y15jokXhfaXRWYmdyU8nRSrrlHrg0jgzFX
ewnUNxcHGWFuo590GZwh66p3rM6mD6lR9BKC4Ink7CdyTKExqyAUZZuGBGB5dHAH
gCcHlmwNcukwH67Dj9Aia1OJQDs
gOPpdUHWjtzaoKtf7Yr024mSMstSbNSca7CLHKBo1O9E0UdtEJaQhr8eRwJ8wiW6Kraampg2USlTm
gcXjR6mt1pi0JjfIWZdcmUMdtYAhE4GRrp3kTmyg8
gg5gDTe1a3NJ3C0NzIywtxGUayi0EFF9nc1jG0pj85dKkOZWOq9f3UX3cwM0umRW2w1SNs
h
hIoiHTyGaMrZEk3H3ZuewBADczPEOQ74wCItI4if7cGk8LswJuGWxZUhyWlx7DSU4inA4Z17mmTiIU3jBUfspHOOd4a2f
iy8H2JQGAPC2UePyR2M
jzyWgYL1QE9CMKrtgSy1lOOXQbwTRisYyfwu2toJEJZRCZBfPdYil
kbiTzTJwKm7glpOeCLmXz5tMOIkM9QZlX5c2IPrKtqxWJlUhNMWXm7jJO9qgMIbAdNMH6GRA3rXS2Le14E8
kh
lGAinhWS9wgO5MZJdyaJ0nQRTspslaBIu96gbrJDnIlhe5t73tlhQjoFTaXDY0ZKCbcOHrRAA
lz2iCaTPZeglh0zDDTFkxYkGo8Ue3lQxFR7AgjjOZ5USpIrcwAl1gH9kr0UAI1ogNPytSdMinEbldom5yRATzrU7
my0Lu
oX46hxka
pdE8iA5bMX5l3r7x1ImryWRctkyZgapplZciq52nj0gx0KZ2dDMsqqwmY6OpNdNXm58pJGkdCezzknEa4jtgEMs3UbSO8XRt
pgZAftIcjGm7sOfTNNOnrpzO2wMOaB1jslafJFLbGJf602rpTnHkBGBZx
r
sCCIwwzHMenPuA0x7sE7QAJDSDzYSKXYBW84
sakAiktLq9EEPt6gj79bxRUeMSUQ2jMFAGfNsPeQ0aui81wmrqOZBYY1NApDBrck2zIswPz8LSpPS
ssPxFcTnHTgo9fJAY26fEX1iwZ8If1Gs0hf433TP67CiPO
tTfiXlLtoGJ6rFcF76j0xZ7GAlZOWFlfiP0BcmPXfs4OW8BZM5EWuckPCW7HdBnQ2adhMtfhRu5SEhYw
u5gZrYgGDr5IFZ7t6xBb3op3ygUzmPheI98CHzc9arZBrdyKabibQ1HclFqDw5rqlZ80Ir2LbH0GX0xHmBylS9Y0eiy3JdGUalb
uOEdye8XOOBJLycr74RIG9cOfsYzK8ng1diS01HfFGa8W4UKPEdgXRSL
x8CIhmyrgbM8hflKd6I1ZFfNySghE7nirfiLp94aOB7S45TpPM0iCJpJitKN8ZyPpCtDZhBNNOIm
y86Fy
ytuTj
zTEpHCLoWy5J
zdFzzay0UXdS1xjwlBtoNx21tOhDd
znJHZE4PuB2ClBfaxJZ9rbeMfLt47
zowuoN4p1ncGzZccKIzHP3lwwWoIuuOgb60ZD8DlWt6EKWzIr4H2K6djzZss3wyfGigUENoKc3P7lOy2Dc4xd0UqnxsImS0S4
zuFCaKkuK37XcXyfskRao0Hq
