[2018-01-09 20:26:05] [info] Start Program:
Path:"C:\Users\Cătălin Modan\Desktop\BST - DS anul II\x64\Debug\Test.exe"
Arguments:
Working directory: "C:\Users\Cătălin Modan\Desktop\BST - DS anul II\"
Modules: Selected: C:\Users\Cătălin Modan\Desktop\BST - DS anul II\x64\Debug\Test.exe Excluded: 
Sources: Selected: C:\Users\Cătălin Modan\Desktop\BST - DS anul II Excluded: 
Log Level: Normal
Cover Children: 0
Aggregate by file: 1
Continue after C++ exception: 0
Optimized build support: 0
Export: Binary C:\Users\Cătălin Modan\AppData\Local\Temp\i3vecag2.4rn 
Input coverage: 
Unified diff: 
Excluded line regular expressions: 

[2018-01-09 20:26:05] [info] Module: C:\Users\Cătălin Modan\Desktop\BST - DS anul II\x64\Debug\Test.exe is selected because it matches selected pattern: C:\Users\Cătălin Modan\Desktop\BST - DS anul II\x64\Debug\Test.exe
[2018-01-09 20:26:05] [info] Module: C:\Windows\System32\ntdll.dll is skipped because it matches no selected patterns
[2018-01-09 20:26:05] [info] Module: C:\Windows\System32\kernel32.dll is skipped because it matches no selected patterns
[2018-01-09 20:26:05] [info] Module: C:\Windows\System32\KernelBase.dll is skipped because it matches no selected patterns
[2018-01-09 20:26:05] [info] Module: C:\Windows\System32\vcruntime140d.dll is skipped because it matches no selected patterns
[2018-01-09 20:26:05] [info] Module: C:\Windows\System32\ucrtbased.dll is skipped because it matches no selected patterns
[2018-01-09 20:26:10] [info] ----------------------------------------------------
[2018-01-09 20:26:10] [info] Coverage binary generated in file: C:\Users\Cătălin Modan\AppData\Local\Temp\i3vecag2.4rn
[2018-01-09 20:26:10] [info] ----------------------------------------------------
