index: value
  15    -956
  97    -932
  95    -917
  40    -900
  93    -899
  27    -882
  91    -865
  30    -843
  74    -829
  21    -825
  75    -807
  20    -801
  24    -797
  98    -794
  56    -763
  8    -761
  51    -761
  55    -728
  17    -686
  34    -683
  94    -672
  62    -657
  83    -642
  47    -597
  60    -591
  68    -586
  37    -565
  69    -518
  99    -515
  6    -509
  76    -457
  3    -437
  44    -383
  25    -374
  38    -345
  58    -329
  42    -327
  10    -301
  78    -257
  39    -239
  87    -221
  96    -209
  88    -203
  33    -197
  36    -191
  53    -171
  66    -163
  41    -147
  35    -104
  86    -90
  28    -80
  70    -64
  12    -58
  11    -55
  7    -32
  5    -30
  14    40
  84    48
  80    69
  2    77
  61    128
  22    135
  31    149
  59    161
  45    177
  16    207
  0    216
  57    220
  18    223
  81    223
  89    229
  29    327
  26    333
  13    376
  49    395
  82    420
  50    426
  92    471
  1    498
  90    519
  77    530
  46    545
  54    549
  4    554
  73    565
  71    614
  19    659
  23    675
  64    678
  67    711
  48    750
  85    778
  52    802
  72    818
  79    883
  63    914
  43    920
  65    952
  32    967
  9    984

