index: value
  0    216
  1    498
  2    77
  3    -437
  4    554
  5    -30
  6    -509
  7    -32
  8    -761
  9    984
  10    -301
  11    -55
  12    -58
  13    376
  14    40
  15    -956
  16    207
  17    -686
  18    223
  19    659
  20    -801
  21    -825
  22    135
  23    675
  24    -797
  25    -374
  26    333
  27    -882
  28    -80
  29    327
  30    -843
  31    149
  32    967
  33    -197
  34    -683
  35    -104
  36    -191
  37    -565
  38    -345
  39    -239
  40    -900
  41    -147
  42    -327
  43    920
  44    -383
  45    177
  46    545
  47    -597
  48    750
  49    395
  50    426
  51    -761
  52    802
  53    -171
  54    549
  55    -728
  56    -763
  57    220
  58    -329
  59    161
  60    -591
  61    128
  62    -657
  63    914
  64    678
  65    952
  66    -163
  67    711
  68    -586
  69    -518
  70    -64
  71    614
  72    818
  73    565
  74    -829
  75    -807
  76    -457
  77    530
  78    -257
  79    883
  80    69
  81    223
  82    420
  83    -642
  84    48
  85    778
  86    -90
  87    -221
  88    -203
  89    229
  90    519
  91    -865
  92    471
  93    -899
  94    -672
  95    -917
  96    -209
  97    -932
  98    -794
  99    -515

